<?xml version="1.0" encoding="UTF-8"?>
<!-- Generated by org.testng.reporters.JUnitReportReporter -->
<testsuite ignored="8" hostname="TYSS-Mithun" failures="0" tests="1" name="com.omnify.fitnessApp.SampleTestScripts.TS02_Reminder_Validations" time="54.301" errors="0" timestamp="11 May 2023 10:10:03 GMT" skipped="0">
  <testcase classname="com.omnify.fitnessApp.SampleTestScripts.TS02_Reminder_Validations" name="reminderCheck" time="54.301"/>
  <testcase classname="com.omnify.fitnessApp.library.BaseLib" name="launchAppiumAndEmulator">
    <skipped/>
  </testcase> <!-- launchAppiumAndEmulator -->
  <testcase classname="com.omnify.fitnessApp.library.BaseLib" name="launchAppiumAndEmulator">
    <skipped/>
  </testcase> <!-- launchAppiumAndEmulator -->
  <testcase classname="com.omnify.fitnessApp.library.BaseLib" name="launchAppiumAndEmulator">
    <skipped/>
  </testcase> <!-- launchAppiumAndEmulator -->
  <testcase classname="com.omnify.fitnessApp.library.BaseLib" name="launchAppiumAndEmulator">
    <skipped/>
  </testcase> <!-- launchAppiumAndEmulator -->
  <testcase classname="com.omnify.fitnessApp.library.BaseLib" name="finish">
    <skipped/>
  </testcase> <!-- finish -->
  <testcase classname="com.omnify.fitnessApp.library.BaseLib" name="finish">
    <skipped/>
  </testcase> <!-- finish -->
  <testcase classname="com.omnify.fitnessApp.library.BaseLib" name="finish">
    <skipped/>
  </testcase> <!-- finish -->
  <testcase classname="com.omnify.fitnessApp.library.BaseLib" name="finish">
    <skipped/>
  </testcase> <!-- finish -->
</testsuite> <!-- com.omnify.fitnessApp.SampleTestScripts.TS02_Reminder_Validations -->
