<?xml version="1.0" encoding="UTF-8"?>
<!-- Generated by org.testng.reporters.JUnitReportReporter -->
<testsuite ignored="8" hostname="TYSS-Mithun" failures="0" tests="1" name="com.omnify.fitnessApp.SampleTestScripts.TS01_Home_Validations" time="87.687" errors="0" timestamp="11 May 2023 10:10:04 GMT" skipped="0">
  <testcase classname="com.omnify.fitnessApp.SampleTestScripts.TS01_Home_Validations" name="homeCheck" time="87.687"/>
  <testcase classname="com.omnify.fitnessApp.library.BaseLib" name="launchAppiumAndEmulator">
    <skipped/>
  </testcase> <!-- launchAppiumAndEmulator -->
  <testcase classname="com.omnify.fitnessApp.library.BaseLib" name="launchAppiumAndEmulator">
    <skipped/>
  </testcase> <!-- launchAppiumAndEmulator -->
  <testcase classname="com.omnify.fitnessApp.library.BaseLib" name="launchAppiumAndEmulator">
    <skipped/>
  </testcase> <!-- launchAppiumAndEmulator -->
  <testcase classname="com.omnify.fitnessApp.library.BaseLib" name="launchAppiumAndEmulator">
    <skipped/>
  </testcase> <!-- launchAppiumAndEmulator -->
  <testcase classname="com.omnify.fitnessApp.library.BaseLib" name="finish">
    <skipped/>
  </testcase> <!-- finish -->
  <testcase classname="com.omnify.fitnessApp.library.BaseLib" name="finish">
    <skipped/>
  </testcase> <!-- finish -->
  <testcase classname="com.omnify.fitnessApp.library.BaseLib" name="finish">
    <skipped/>
  </testcase> <!-- finish -->
  <testcase classname="com.omnify.fitnessApp.library.BaseLib" name="finish">
    <skipped/>
  </testcase> <!-- finish -->
</testsuite> <!-- com.omnify.fitnessApp.SampleTestScripts.TS01_Home_Validations -->
