<?xml version="1.0" encoding="UTF-8"?>
<!-- Generated by org.testng.reporters.JUnitReportReporter -->
<testsuite ignored="0" hostname="TYSS-Mithun" failures="0" tests="1" name="com.omnify.fitnessApp.RegressionScripts.TS01_Login" time="31.906" errors="0" timestamp="10 May 2023 05:19:58 GMT" skipped="0">
  <testcase classname="com.omnify.fitnessApp.RegressionScripts.TS01_Login" name="loginCheck" time="31.906"/>
</testsuite> <!-- com.omnify.fitnessApp.RegressionScripts.TS01_Login -->
