<?xml version="1.0" encoding="UTF-8"?>
<!-- Generated by org.testng.reporters.JUnitReportReporter -->
<testsuite ignored="0" hostname="TYSS-Mithun" failures="0" tests="1" name="com.omnify.fitnessApp.RegressionScripts.TS01_Home_Validations" time="57.358" errors="0" timestamp="10 May 2023 07:27:16 GMT" skipped="0">
  <testcase classname="com.omnify.fitnessApp.RegressionScripts.TS01_Home_Validations" name="homeCheck" time="57.358"/>
</testsuite> <!-- com.omnify.fitnessApp.RegressionScripts.TS01_Home_Validations -->
